<?xml version="1.0" encoding="UTF-8"?>
<!-- Generated by org.testng.reporters.JUnitReportReporter -->
<testsuite hostname="EN611216" failures="0" tests="1" name="google.GoogleSearchTests" time="0.573" errors="0" timestamp="12 Nov 2019 14:43:41 GMT" skipped="0">
  <testcase classname="google.GoogleSearchTests" name="testSearchingOnGoogle" time="0.573"/>
</testsuite> <!-- google.GoogleSearchTests -->
