<?xml version="1.0" encoding="UTF-8"?>
<!-- Generated by org.testng.reporters.JUnitReportReporter -->
<testsuite hostname="EN611216" failures="0" tests="1" name="login.LoginTests" time="1.573" errors="0" timestamp="12 Nov 2019 12:22:59 GMT" skipped="0">
  <testcase classname="login.LoginTests" name="testSuccessfulLogin" time="1.573"/>
</testsuite> <!-- login.LoginTests -->
