<?xml version="1.0" encoding="UTF-8"?>
<!-- Generated by org.testng.reporters.JUnitReportReporter -->
<testsuite hostname="EN611216" failures="0" tests="1" name="slider.HorizontalSliderTest" time="1.235" errors="0" timestamp="12 Nov 2019 12:22:59 GMT" skipped="0">
  <testcase classname="slider.HorizontalSliderTest" name="testSlider4" time="1.235"/>
</testsuite> <!-- slider.HorizontalSliderTest -->
