<?xml version="1.0" encoding="UTF-8"?>
<!-- Generated by org.testng.reporters.JUnitReportReporter -->
<testsuite hostname="EN611216" failures="0" tests="1" name="download.DownloadTests" time="2.478" errors="0" timestamp="12 Nov 2019 12:22:59 GMT" skipped="0">
  <testcase classname="download.DownloadTests" name="yahooDownloadTest" time="2.478"/>
</testsuite> <!-- download.DownloadTests -->
