<?xml version="1.0" encoding="UTF-8"?>
<!-- Generated by org.testng.reporters.JUnitReportReporter -->
<testsuite hostname="EN611216" failures="0" tests="3" name="alert.AlertTests" time="2.418" errors="0" timestamp="12 Nov 2019 12:22:59 GMT" skipped="0">
  <testcase classname="alert.AlertTests" name="testSetInputInPromptAlert" time="0.859"/>
  <testcase classname="alert.AlertTests" name="testAcceptJsAlert" time="0.861"/>
  <testcase classname="alert.AlertTests" name="testGetTextFromConfirmAlert" time="0.698"/>
</testsuite> <!-- alert.AlertTests -->
