<?xml version="1.0" encoding="UTF-8"?>
<!-- Generated by org.testng.reporters.JUnitReportReporter -->
<testsuite hostname="EN1410574" failures="0" tests="1" name="base.BaseTest" time="5.264" errors="0" timestamp="18 Mar 2020 17:25:48 GMT" skipped="0">
  <testcase classname="base.BaseTest" name="goToPage" time="5.264"/>
</testsuite> <!-- base.BaseTest -->
