<?xml version="1.0" encoding="UTF-8"?>
<!-- Generated by org.testng.reporters.JUnitReportReporter -->
<testsuite hostname="EN1410574" failures="0" tests="1" name="base.BaseTest" time="6.726" errors="0" timestamp="20 Mar 2020 14:39:35 GMT" skipped="0">
  <testcase classname="base.BaseTest" name="goToPage" time="6.726"/>
</testsuite> <!-- base.BaseTest -->
